<?xml version="1.0" encoding="UTF-8"?>
<!-- Generated by org.testng.reporters.JUnitReportReporter -->
<testsuite skipped="0" hostname="WIN-GEDESCREUP8" name="test.Selenium_Jenkins_Int" tests="1" failures="0" timestamp="23 Feb 2018 23:50:28 GMT" time="11.759" errors="0">
  <testcase name="test" time="11.759" classname="test.Selenium_Jenkins_Int"/>
</testsuite> <!-- test.Selenium_Jenkins_Int -->
